#
# A fatal error has been detected by the Java Runtime Environment:
#
#  EXCEPTION_ACCESS_VIOLATION (0xc0000005) at pc=0x0000000002931066, pid=6104, tid=0x0000000000002824
#
# JRE version: Java(TM) SE Runtime Environment (8.0_231-b11) (build 1.8.0_231-b11)
# Java VM: Java HotSpot(TM) 64-Bit Server VM (25.231-b11 mixed mode windows-amd64 compressed oops)
# Problematic frame:
# C  [OpenAL64.dll+0x11066]
#
# Failed to write core dump. Minidumps are not enabled by default on client versions of Windows
#
# If you would like to submit a bug report, please visit:
#   http://bugreport.java.com/bugreport/crash.jsp
# The crash happened outside the Java Virtual Machine in native code.
# See problematic frame for where to report the bug.
#

---------------  T H R E A D  ---------------

Current thread (0x0000000002aa6000):  JavaThread "main" [_thread_in_native, id=10276, stack(0x00000000029a0000,0x0000000002aa0000)]

siginfo: ExceptionCode=0xc0000005, reading address 0x000000002612b004

Registers:
RAX=0x0000000000000001, RBX=0x0000000028bd0090, RCX=0x000000002612b008, RDX=0x000000002612b004
RSP=0x0000000002a9c2d0, RBP=0x00000000000000ff, RSI=0x000000002611c6fc, RDI=0x0000000000000000
R8 =0x0000000000003a42, R9 =0x000000002611c6fc, R10=0x0000000002bb85fb, R11=0x00000000552ccf70
R12=0x0000000000000001, R13=0x0000000027496320, R14=0x0000000002a9c470, R15=0x0000000002aa6000
RIP=0x0000000002931066, EFLAGS=0x0000000000010202

Top of Stack: (sp=0x0000000002a9c2d0)
0x0000000002a9c2d0:   0000000000000000 000000001e801d10
0x0000000002a9c2e0:   0000000002997550 0000000002aa6000
0x0000000002a9c2f0:   0000000027496320 0000000000000000
0x0000000002a9c300:   0000000002aa6000 0000000002997550
0x0000000002a9c310:   0000000027496320 0000000002a9c470
0x0000000002a9c320:   0000000002998460 000000005515c396
0x0000000002a9c330:   0000000002a9cc08 0000000002aa6b70
0x0000000002a9c340:   0000000002aa6000 0000000002a9c470
0x0000000002a9c350:   0000000027496320 0000000000000000
0x0000000002a9c360:   000000002611c6fc 0000000000000248
0x0000000002a9c370:   0000000002a9c438 000000000293248f
0x0000000002a9c380:   0000000028bd0090 0000000028bd0090
0x0000000002a9c390:   000000000000ac44 0000000000000001
0x0000000002a9c3a0:   0000000002ba7e70 0000000002bb8627
0x0000000002a9c3b0:   0000000027496320 0000000002ba7e70
0x0000000002a9c3c0:   0000000002ba7e70 0000000002bb836b 

Instructions: (pc=0x0000000002931066)
0x0000000002931046:   41 2b ec 81 3a 03 00 02 00 75 09 8b 01 89 84 24
0x0000000002931056:   c8 00 00 00 49 83 c0 02 48 83 c1 08 4a 8d 14 86
0x0000000002931066:   39 3a 75 af 4c 8d 84 24 c0 00 00 00 48 8d 15 d7
0x0000000002931076:   2b 03 00 33 c9 e8 58 5f 00 00 b8 40 1f 00 00 4c 


Register to memory mapping:

RAX=0x0000000000000001 is an unknown value
RBX=0x0000000028bd0090 is an unknown value
RCX=0x000000002612b008 is an unknown value
RDX=0x000000002612b004 is an unknown value
RSP=0x0000000002a9c2d0 is pointing into the stack for thread: 0x0000000002aa6000
RBP=0x00000000000000ff is an unknown value
RSI=0x000000002611c6fc is an unknown value
RDI=0x0000000000000000 is an unknown value
R8 =0x0000000000003a42 is an unknown value
R9 =0x000000002611c6fc is an unknown value
R10=0x0000000002bb85fb is at code_begin+891 in an Interpreter codelet
method entry point (kind = native)  [0x0000000002bb8280, 0x0000000002bb8c40]  2496 bytes
R11=0x00000000552ccf70 is an unknown value
R12=0x0000000000000001 is an unknown value
R13={method} {0x0000000027496328} 'nalcCreateContext' '(JJ)J' in 'org/lwjgl/openal/ALC10'
R14=0x0000000002a9c470 is pointing into the stack for thread: 0x0000000002aa6000
R15=0x0000000002aa6000 is a thread


Stack: [0x00000000029a0000,0x0000000002aa0000],  sp=0x0000000002a9c2d0,  free space=1008k
Native frames: (J=compiled Java code, j=interpreted, Vv=VM code, C=native code)
C  [OpenAL64.dll+0x11066]
C  [OpenAL64.dll+0x1248f]
C  0x0000000002bb8627

Java frames: (J=compiled Java code, j=interpreted, Vv=VM code)
j  org.lwjgl.openal.ALC10.nalcCreateContext(JJ)J+0
j  org.lwjgl.openal.ALC10.alcCreateContext(Lorg/lwjgl/openal/ALCdevice;Ljava/nio/IntBuffer;)Lorg/lwjgl/openal/ALCcontext;+8
j  org.lwjgl.openal.AL.init(Ljava/lang/String;IIZZ)V+69
j  org.lwjgl.openal.AL.create(Ljava/lang/String;IIZZ)V+246
j  org.lwjgl.openal.AL.create(Ljava/lang/String;IIZ)V+5
j  org.lwjgl.openal.AL.create()V+6
j  com.badlogic.gdx.backends.lwjgl.audio.OpenALAudio.<init>(III)V+114
j  com.badlogic.gdx.backends.lwjgl.LwjglApplication.<init>(Lcom/badlogic/gdx/ApplicationListener;Lcom/badlogic/gdx/backends/lwjgl/LwjglApplicationConfiguration;Lcom/badlogic/gdx/backends/lwjgl/LwjglGraphics;)V+120
j  com.badlogic.gdx.backends.lwjgl.LwjglApplication.<init>(Lcom/badlogic/gdx/ApplicationListener;Lcom/badlogic/gdx/backends/lwjgl/LwjglApplicationConfiguration;)V+11
j  org.uqbar.project.wollok.game.gameboard.WollokGDXApplication.<init>(Lorg/uqbar/project/wollok/game/gameboard/Gameboard;Ljava/lang/Boolean;)V+17
j  org.uqbar.project.wollok.game.helpers.Application.start(Lorg/uqbar/project/wollok/game/gameboard/Gameboard;Ljava/lang/Boolean;)V+5
j  org.uqbar.project.wollok.game.gameboard.Gameboard.start(Ljava/lang/Boolean;)V+13
j  wollok.game.GameObject.doStart(Ljava/lang/Boolean;)V+12
v  ~StubRoutines::call_stub
J 3713  sun.reflect.NativeMethodAccessorImpl.invoke0(Ljava/lang/reflect/Method;Ljava/lang/Object;[Ljava/lang/Object;)Ljava/lang/Object; (0 bytes) @ 0x0000000003a07e7f [0x0000000003a07e00+0x7f]
J 3712 C1 sun.reflect.NativeMethodAccessorImpl.invoke(Ljava/lang/Object;[Ljava/lang/Object;)Ljava/lang/Object; (104 bytes) @ 0x0000000003a0ff7c [0x0000000003a0ed80+0x11fc]
J 3295 C2 sun.reflect.DelegatingMethodAccessorImpl.invoke(Ljava/lang/Object;[Ljava/lang/Object;)Ljava/lang/Object; (10 bytes) @ 0x0000000003847b18 [0x0000000003847aa0+0x78]
J 3329 C1 java.lang.reflect.Method.invoke(Ljava/lang/Object;[Ljava/lang/Object;)Ljava/lang/Object; (62 bytes) @ 0x000000000385b5b4 [0x000000000385b1c0+0x3f4]
J 4145 C1 org.uqbar.project.wollok.ui.utils.XTendUtilExtensions.invokeConvertingArgs(Ljava/lang/reflect/Method;Ljava/lang/Object;[Ljava/lang/Object;)Lorg/uqbar/project/wollok/interpreter/core/WollokObject; (378 bytes) @ 0x0000000003ba7064 [0x0000000003ba5420+0x1c44]
J 4140 C1 org.uqbar.project.wollok.interpreter.AbstractWollokCallable._invokeNative(Ljava/lang/Object;Ljava/lang/String;[Lorg/uqbar/project/wollok/interpreter/core/WollokObject;)Lorg/uqbar/project/wollok/interpreter/core/WollokObject; (49 bytes) @ 0x0000000003b94aa4 [0x0000000003b94800+0x2a4]
J 4166 C1 org.uqbar.project.wollok.interpreter.AbstractWollokCallable.invokeNative(Ljava/lang/Object;Ljava/lang/String;[Lorg/uqbar/project/wollok/interpreter/core/WollokObject;)Lorg/uqbar/project/wollok/interpreter/core/WollokObject; (76 bytes) @ 0x0000000003bb9dc4 [0x0000000003bb9160+0xc64]
J 4061 C1 org.uqbar.project.wollok.interpreter.AbstractWollokCallable$1.apply()Lorg/uqbar/project/wollok/interpreter/core/WollokObject; (145 bytes) @ 0x0000000003b38c2c [0x0000000003b385c0+0x66c]
J 3979 C1 org.uqbar.project.wollok.interpreter.AbstractWollokCallable$1.apply()Ljava/lang/Object; (5 bytes) @ 0x0000000003ade84c [0x0000000003ade7c0+0x8c]
J 3793 C1 org.uqbar.project.wollok.interpreter.threads.WThread.performOnStack(Lorg/eclipse/emf/ecore/EObject;Lorg/uqbar/project/wollok/interpreter/context/EvaluationContext;Lorg/eclipse/xtext/xbase/lib/Functions$Function0;)Lorg/uqbar/project/wollok/interpreter/core/WollokObject; (163 bytes) @ 0x0000000003a40c24 [0x0000000003a408e0+0x344]
J 4057 C1 org.uqbar.project.wollok.interpreter.AbstractWollokCallable.call(Lorg/uqbar/project/wollok/wollokDsl/WMethodDeclaration;[Lorg/uqbar/project/wollok/interpreter/core/WollokObject;)Lorg/uqbar/project/wollok/interpreter/core/WollokObject; (46 bytes) @ 0x0000000003b3733c [0x0000000003b36820+0xb1c]
J 3967 C1 org.uqbar.project.wollok.interpreter.core.WollokObject.call(Ljava/lang/String;[Lorg/uqbar/project/wollok/interpreter/core/WollokObject;)Lorg/uqbar/project/wollok/interpreter/core/WollokObject; (61 bytes) @ 0x0000000003ad968c [0x0000000003ad8fc0+0x6cc]
J 4022 C1 org.uqbar.project.wollok.interpreter.WollokInterpreterEvaluator._evaluate(Lorg/uqbar/project/wollok/wollokDsl/WFeatureCall;)Lorg/uqbar/project/wollok/interpreter/core/WollokObject; (125 bytes) @ 0x0000000003b125f4 [0x0000000003b11440+0x11b4]
J 3609 C1 org.uqbar.project.wollok.launch.WollokLauncherInterpreterEvaluator.evaluate(Lorg/eclipse/emf/ecore/EObject;)Lorg/uqbar/project/wollok/interpreter/core/WollokObject; (502 bytes) @ 0x00000000039a432c [0x00000000039a0140+0x41ec]
J 3610 C1 org.uqbar.project.wollok.interpreter.WollokInterpreter.eval(Lorg/eclipse/emf/ecore/EObject;)Lorg/uqbar/project/wollok/interpreter/core/WollokObject; (190 bytes) @ 0x000000000399d324 [0x000000000399c8c0+0xa64]
J 4036 C1 org.uqbar.project.wollok.interpreter.WollokInterpreterEvaluator$1.apply(Ljava/lang/Object;Ljava/lang/Object;)Ljava/lang/Object; (13 bytes) @ 0x0000000003b17e6c [0x0000000003b17ae0+0x38c]
J 3769 C1 org.eclipse.xtext.xbase.lib.IteratorExtensions.fold(Ljava/util/Iterator;Ljava/lang/Object;Lorg/eclipse/xtext/xbase/lib/Functions$Function2;)Ljava/lang/Object; (30 bytes) @ 0x0000000003a2e41c [0x0000000003a2e260+0x1bc]
J 4114 C1 org.uqbar.project.wollok.interpreter.WollokInterpreterEvaluator._evaluate(Lorg/uqbar/project/wollok/wollokDsl/WBlockExpression;)Lorg/uqbar/project/wollok/interpreter/core/WollokObject; (40 bytes) @ 0x0000000003b6d87c [0x0000000003b6cc00+0xc7c]
J 3609 C1 org.uqbar.project.wollok.launch.WollokLauncherInterpreterEvaluator.evaluate(Lorg/eclipse/emf/ecore/EObject;)Lorg/uqbar/project/wollok/interpreter/core/WollokObject; (502 bytes) @ 0x00000000039a7bec [0x00000000039a0140+0x7aac]
J 3610 C1 org.uqbar.project.wollok.interpreter.WollokInterpreter.eval(Lorg/eclipse/emf/ecore/EObject;)Lorg/uqbar/project/wollok/interpreter/core/WollokObject; (190 bytes) @ 0x000000000399d324 [0x000000000399c8c0+0xa64]
J 4061 C1 org.uqbar.project.wollok.interpreter.AbstractWollokCallable$1.apply()Lorg/uqbar/project/wollok/interpreter/core/WollokObject; (145 bytes) @ 0x0000000003b38f64 [0x0000000003b385c0+0x9a4]
J 3979 C1 org.uqbar.project.wollok.interpreter.AbstractWollokCallable$1.apply()Ljava/lang/Object; (5 bytes) @ 0x0000000003ade84c [0x0000000003ade7c0+0x8c]
J 3793 C1 org.uqbar.project.wollok.interpreter.threads.WThread.performOnStack(Lorg/eclipse/emf/ecore/EObject;Lorg/uqbar/project/wollok/interpreter/context/EvaluationContext;Lorg/eclipse/xtext/xbase/lib/Functions$Function0;)Lorg/uqbar/project/wollok/interpreter/core/WollokObject; (163 bytes) @ 0x0000000003a40c24 [0x0000000003a408e0+0x344]
J 4057 C1 org.uqbar.project.wollok.interpreter.AbstractWollokCallable.call(Lorg/uqbar/project/wollok/wollokDsl/WMethodDeclaration;[Lorg/uqbar/project/wollok/interpreter/core/WollokObject;)Lorg/uqbar/project/wollok/interpreter/core/WollokObject; (46 bytes) @ 0x0000000003b3733c [0x0000000003b36820+0xb1c]
J 3967 C1 org.uqbar.project.wollok.interpreter.core.WollokObject.call(Ljava/lang/String;[Lorg/uqbar/project/wollok/interpreter/core/WollokObject;)Lorg/uqbar/project/wollok/interpreter/core/WollokObject; (61 bytes) @ 0x0000000003ad968c [0x0000000003ad8fc0+0x6cc]
J 4022 C1 org.uqbar.project.wollok.interpreter.WollokInterpreterEvaluator._evaluate(Lorg/uqbar/project/wollok/wollokDsl/WFeatureCall;)Lorg/uqbar/project/wollok/interpreter/core/WollokObject; (125 bytes) @ 0x0000000003b125f4 [0x0000000003b11440+0x11b4]
J 3609 C1 org.uqbar.project.wollok.launch.WollokLauncherInterpreterEvaluator.evaluate(Lorg/eclipse/emf/ecore/EObject;)Lorg/uqbar/project/wollok/interpreter/core/WollokObject; (502 bytes) @ 0x00000000039a432c [0x00000000039a0140+0x41ec]
J 3610 C1 org.uqbar.project.wollok.interpreter.WollokInterpreter.eval(Lorg/eclipse/emf/ecore/EObject;)Lorg/uqbar/project/wollok/interpreter/core/WollokObject; (190 bytes) @ 0x000000000399d324 [0x000000000399c8c0+0xa64]
J 4036 C1 org.uqbar.project.wollok.interpreter.WollokInterpreterEvaluator$1.apply(Ljava/lang/Object;Ljava/lang/Object;)Ljava/lang/Object; (13 bytes) @ 0x0000000003b17e6c [0x0000000003b17ae0+0x38c]
j  org.eclipse.xtext.xbase.lib.IteratorExtensions.fold(Ljava/util/Iterator;Ljava/lang/Object;Lorg/eclipse/xtext/xbase/lib/Functions$Function2;)Ljava/lang/Object;+19
j  org.eclipse.xtext.xbase.lib.IterableExtensions.fold(Ljava/lang/Iterable;Ljava/lang/Object;Lorg/eclipse/xtext/xbase/lib/Functions$Function2;)Ljava/lang/Object;+8
j  org.uqbar.project.wollok.interpreter.WollokInterpreterEvaluator.evalAll(Ljava/lang/Iterable;)Lorg/uqbar/project/wollok/interpreter/core/WollokObject;+12
j  org.uqbar.project.wollok.interpreter.WollokInterpreterEvaluator._evaluate(Lorg/uqbar/project/wollok/wollokDsl/WProgram;)Lorg/uqbar/project/wollok/interpreter/core/WollokObject;+18
j  org.uqbar.project.wollok.launch.WollokLauncherInterpreterEvaluator.evaluate(Lorg/eclipse/emf/ecore/EObject;)Lorg/uqbar/project/wollok/interpreter/core/WollokObject;+444
j  org.uqbar.project.wollok.interpreter.WollokInterpreterEvaluator.evaluate(Lorg/eclipse/emf/ecore/EObject;)Ljava/lang/Object;+2
j  org.uqbar.project.wollok.interpreter.WollokInterpreter.eval(Lorg/eclipse/emf/ecore/EObject;)Lorg/uqbar/project/wollok/interpreter/core/WollokObject;+63
j  org.uqbar.project.wollok.interpreter.WollokInterpreterEvaluator.eval(Lorg/eclipse/emf/ecore/EObject;)Lorg/uqbar/project/wollok/interpreter/core/WollokObject;+5
j  org.uqbar.project.wollok.launch.WollokLauncherInterpreterEvaluator._evaluate(Lorg/uqbar/project/wollok/wollokDsl/WFile;)Lorg/uqbar/project/wollok/interpreter/core/WollokObject;+32
j  org.uqbar.project.wollok.launch.WollokLauncherInterpreterEvaluator.evaluate(Lorg/eclipse/emf/ecore/EObject;)Lorg/uqbar/project/wollok/interpreter/core/WollokObject;+428
j  org.uqbar.project.wollok.interpreter.WollokInterpreterEvaluator.evaluate(Lorg/eclipse/emf/ecore/EObject;)Ljava/lang/Object;+2
j  org.uqbar.project.wollok.interpreter.WollokInterpreter.interpret(Lorg/eclipse/emf/ecore/EObject;Ljava/lang/Boolean;)Lorg/uqbar/project/wollok/interpreter/core/WollokObject;+25
j  org.uqbar.project.wollok.interpreter.WollokInterpreter.interpret(Lorg/eclipse/emf/ecore/EObject;)Lorg/uqbar/project/wollok/interpreter/core/WollokObject;+8
j  org.uqbar.project.wollok.launch.WollokLauncher.doSomething(Lorg/uqbar/project/wollok/wollokDsl/WFile;Lcom/google/inject/Injector;Ljava/io/File;Lorg/uqbar/project/wollok/launch/WollokLauncherParameters;)V+57
j  org.uqbar.project.wollok.launch.WollokChecker.launch(Ljava/lang/String;Lorg/uqbar/project/wollok/launch/WollokLauncherParameters;)V+31
j  org.uqbar.project.wollok.launch.WollokChecker.doMain([Ljava/lang/String;)V+213
j  org.uqbar.project.wollok.launch.WollokLauncher.main([Ljava/lang/String;)V+8
v  ~StubRoutines::call_stub

---------------  P R O C E S S  ---------------

Java Threads: ( => current thread )
  0x0000000021aba800 JavaThread "com.google.inject.internal.util.$Finalizer" daemon [_thread_blocked, id=10960, stack(0x0000000022b40000,0x0000000022c40000)]
  0x0000000021ac0800 JavaThread "EMF Reference Cleaner" daemon [_thread_blocked, id=12044, stack(0x0000000022840000,0x0000000022940000)]
  0x000000001e6d3000 JavaThread "Service Thread" daemon [_thread_blocked, id=9728, stack(0x0000000020e70000,0x0000000020f70000)]
  0x000000001e5fb000 JavaThread "C1 CompilerThread11" daemon [_thread_blocked, id=11976, stack(0x0000000020d70000,0x0000000020e70000)]
  0x000000001e5fe000 JavaThread "C1 CompilerThread10" daemon [_thread_blocked, id=2612, stack(0x0000000020c70000,0x0000000020d70000)]
  0x000000001e5fa000 JavaThread "C1 CompilerThread9" daemon [_thread_blocked, id=10844, stack(0x0000000020b70000,0x0000000020c70000)]
  0x000000001e600000 JavaThread "C1 CompilerThread8" daemon [_thread_blocked, id=6108, stack(0x0000000020a70000,0x0000000020b70000)]
  0x000000001e5ff800 JavaThread "C2 CompilerThread7" daemon [_thread_in_native, id=10116, stack(0x0000000020970000,0x0000000020a70000)]
  0x000000001e5f9800 JavaThread "C2 CompilerThread6" daemon [_thread_in_native, id=6752, stack(0x0000000020870000,0x0000000020970000)]
  0x000000001e5fc800 JavaThread "C2 CompilerThread5" daemon [_thread_blocked, id=836, stack(0x0000000020770000,0x0000000020870000)]
  0x000000001e5fd000 JavaThread "C2 CompilerThread4" daemon [_thread_blocked, id=492, stack(0x0000000020670000,0x0000000020770000)]
  0x000000001e5fe800 JavaThread "C2 CompilerThread3" daemon [_thread_blocked, id=9512, stack(0x0000000020570000,0x0000000020670000)]
  0x000000001e5f6800 JavaThread "C2 CompilerThread2" daemon [_thread_blocked, id=8376, stack(0x0000000020470000,0x0000000020570000)]
  0x000000001e5f2800 JavaThread "C2 CompilerThread1" daemon [_thread_blocked, id=412, stack(0x0000000020370000,0x0000000020470000)]
  0x000000001e5ef800 JavaThread "C2 CompilerThread0" daemon [_thread_blocked, id=10984, stack(0x0000000020270000,0x0000000020370000)]
  0x000000001e5ef000 JavaThread "Attach Listener" daemon [_thread_blocked, id=10048, stack(0x0000000020170000,0x0000000020270000)]
  0x000000001e5ec000 JavaThread "Signal Dispatcher" daemon [_thread_blocked, id=5476, stack(0x0000000020070000,0x0000000020170000)]
  0x000000001e5d6800 JavaThread "Finalizer" daemon [_thread_blocked, id=4820, stack(0x000000001fe50000,0x000000001ff50000)]
  0x000000001cb4f800 JavaThread "Reference Handler" daemon [_thread_blocked, id=8980, stack(0x000000001fd50000,0x000000001fe50000)]
=>0x0000000002aa6000 JavaThread "main" [_thread_in_native, id=10276, stack(0x00000000029a0000,0x0000000002aa0000)]

Other Threads:
  0x000000001e5b5000 VMThread [stack: 0x000000001fc50000,0x000000001fd50000] [id=4484]
  0x000000001e6f9800 WatcherThread [stack: 0x0000000020f70000,0x0000000021070000] [id=1580]

VM state:not at safepoint (normal execution)

VM Mutex/Monitor currently owned by a thread: None

heap address: 0x00000006c0c00000, size: 4084 MB, Compressed Oops mode: Zero based, Oop shift amount: 3
Narrow klass base: 0x0000000000000000, Narrow klass shift: 3
Compressed class space size: 1073741824 Address: 0x00000007c0000000

Heap:
 PSYoungGen      total 141824K, used 102268K [0x000000076af00000, 0x000000077c400000, 0x00000007c0000000)
  eden space 131072K, 69% used [0x000000076af00000,0x00000007708603f0,0x0000000772f00000)
  from space 10752K, 99% used [0x0000000772f00000,0x000000077397ec30,0x0000000773980000)
  to   space 10752K, 0% used [0x000000077b980000,0x000000077b980000,0x000000077c400000)
 ParOldGen       total 175104K, used 28029K [0x00000006c0c00000, 0x00000006cb700000, 0x000000076af00000)
  object space 175104K, 16% used [0x00000006c0c00000,0x00000006c275f6f8,0x00000006cb700000)
 Metaspace       used 20616K, capacity 20778K, committed 21120K, reserved 1067008K
  class space    used 2609K, capacity 2655K, committed 2688K, reserved 1048576K

Card table byte_map: [0x0000000011f60000,0x0000000012760000] byte_map_base: 0x000000000e95a000

Marking Bits: (ParMarkBitMap*) 0x00000000558c6d90
 Begin Bits: [0x00000000139c0000, 0x0000000017990000)
 End Bits:   [0x0000000017990000, 0x000000001b960000)

Polling page: 0x00000000005d0000

CodeCache: size=245760Kb used=16913Kb max_used=16952Kb free=228846Kb
 bounds [0x0000000002ba0000, 0x0000000003c50000, 0x0000000011ba0000]
 total_blobs=4622 nmethods=4196 adapters=335
 compilation: enabled

Compilation events (10 events):
Event: 3.039 Thread 0x000000001e5f9800 4211       4       java.io.WinNTFileSystem::normalize (143 bytes)
Event: 3.047 Thread 0x000000001e5fa000 4212       3       java.nio.DirectByteBuffer::put (18 bytes)
Event: 3.047 Thread 0x000000001e5fe000 4213       3       java.nio.DirectByteBuffer::ix (10 bytes)
Event: 3.047 Thread 0x000000001e5fe000 nmethod 4213 0x0000000003bf9fd0 code [0x0000000003bfa120, 0x0000000003bfa270]
Event: 3.047 Thread 0x000000001e5fa000 nmethod 4212 0x0000000003bf9ad0 code [0x0000000003bf9c40, 0x0000000003bf9eb0]
Event: 3.048 Thread 0x000000001e600000 4215       3       java.nio.DirectByteBuffer::put (18 bytes)
Event: 3.048 Thread 0x000000001e5fb000 4216       1       java.nio.DirectByteBuffer::ix (10 bytes)
Event: 3.048 Thread 0x000000001e5fb000 nmethod 4216 0x0000000003bf9810 code [0x0000000003bf9960, 0x0000000003bf9a70]
Event: 3.048 Thread 0x000000001e600000 nmethod 4215 0x0000000003bf9310 code [0x0000000003bf9480, 0x0000000003bf96f0]
Event: 3.058 Thread 0x000000001e5ef800 nmethod 4135 0x0000000003c2be50 code [0x0000000003c2c9a0, 0x0000000003c33540]

GC Heap History (6 events):
Event: 0.588 GC heap before
{Heap before GC invocations=1 (full 0):
 PSYoungGen      total 76288K, used 65536K [0x000000076af00000, 0x0000000770400000, 0x00000007c0000000)
  eden space 65536K, 100% used [0x000000076af00000,0x000000076ef00000,0x000000076ef00000)
  from space 10752K, 0% used [0x000000076f980000,0x000000076f980000,0x0000000770400000)
  to   space 10752K, 0% used [0x000000076ef00000,0x000000076ef00000,0x000000076f980000)
 ParOldGen       total 175104K, used 0K [0x00000006c0c00000, 0x00000006cb700000, 0x000000076af00000)
  object space 175104K, 0% used [0x00000006c0c00000,0x00000006c0c00000,0x00000006cb700000)
 Metaspace       used 8328K, capacity 8430K, committed 8576K, reserved 1056768K
  class space    used 1035K, capacity 1077K, committed 1152K, reserved 1048576K
Event: 0.596 GC heap after
Heap after GC invocations=1 (full 0):
 PSYoungGen      total 76288K, used 10739K [0x000000076af00000, 0x0000000774400000, 0x00000007c0000000)
  eden space 65536K, 0% used [0x000000076af00000,0x000000076af00000,0x000000076ef00000)
  from space 10752K, 99% used [0x000000076ef00000,0x000000076f97cf00,0x000000076f980000)
  to   space 10752K, 0% used [0x0000000773980000,0x0000000773980000,0x0000000774400000)
 ParOldGen       total 175104K, used 6492K [0x00000006c0c00000, 0x00000006cb700000, 0x000000076af00000)
  object space 175104K, 3% used [0x00000006c0c00000,0x00000006c12570f0,0x00000006cb700000)
 Metaspace       used 8328K, capacity 8430K, committed 8576K, reserved 1056768K
  class space    used 1035K, capacity 1077K, committed 1152K, reserved 1048576K
}
Event: 1.159 GC heap before
{Heap before GC invocations=2 (full 0):
 PSYoungGen      total 76288K, used 76275K [0x000000076af00000, 0x0000000774400000, 0x00000007c0000000)
  eden space 65536K, 100% used [0x000000076af00000,0x000000076ef00000,0x000000076ef00000)
  from space 10752K, 99% used [0x000000076ef00000,0x000000076f97cf00,0x000000076f980000)
  to   space 10752K, 0% used [0x0000000773980000,0x0000000773980000,0x0000000774400000)
 ParOldGen       total 175104K, used 6492K [0x00000006c0c00000, 0x00000006cb700000, 0x000000076af00000)
  object space 175104K, 3% used [0x00000006c0c00000,0x00000006c12570f0,0x00000006cb700000)
 Metaspace       used 14688K, capacity 14774K, committed 15104K, reserved 1062912K
  class space    used 1901K, capacity 1921K, committed 2048K, reserved 1048576K
Event: 1.170 GC heap after
Heap after GC invocations=2 (full 0):
 PSYoungGen      total 141824K, used 10737K [0x000000076af00000, 0x0000000774400000, 0x00000007c0000000)
  eden space 131072K, 0% used [0x000000076af00000,0x000000076af00000,0x0000000772f00000)
  from space 10752K, 99% used [0x0000000773980000,0x00000007743fc480,0x0000000774400000)
  to   space 10752K, 0% used [0x0000000772f00000,0x0000000772f00000,0x0000000773980000)
 ParOldGen       total 175104K, used 19702K [0x00000006c0c00000, 0x00000006cb700000, 0x000000076af00000)
  object space 175104K, 11% used [0x00000006c0c00000,0x00000006c1f3d888,0x00000006cb700000)
 Metaspace       used 14688K, capacity 14774K, committed 15104K, reserved 1062912K
  class space    used 1901K, capacity 1921K, committed 2048K, reserved 1048576K
}
Event: 2.450 GC heap before
{Heap before GC invocations=3 (full 0):
 PSYoungGen      total 141824K, used 141809K [0x000000076af00000, 0x0000000774400000, 0x00000007c0000000)
  eden space 131072K, 100% used [0x000000076af00000,0x0000000772f00000,0x0000000772f00000)
  from space 10752K, 99% used [0x0000000773980000,0x00000007743fc480,0x0000000774400000)
  to   space 10752K, 0% used [0x0000000772f00000,0x0000000772f00000,0x0000000773980000)
 ParOldGen       total 175104K, used 19702K [0x00000006c0c00000, 0x00000006cb700000, 0x000000076af00000)
  object space 175104K, 11% used [0x00000006c0c00000,0x00000006c1f3d888,0x00000006cb700000)
 Metaspace       used 19438K, capacity 19602K, committed 19968K, reserved 1067008K
  class space    used 2490K, capacity 2523K, committed 2560K, reserved 1048576K
Event: 2.461 GC heap after
Heap after GC invocations=3 (full 0):
 PSYoungGen      total 141824K, used 10747K [0x000000076af00000, 0x000000077c400000, 0x00000007c0000000)
  eden space 131072K, 0% used [0x000000076af00000,0x000000076af00000,0x0000000772f00000)
  from space 10752K, 99% used [0x0000000772f00000,0x000000077397ec30,0x0000000773980000)
  to   space 10752K, 0% used [0x000000077b980000,0x000000077b980000,0x000000077c400000)
 ParOldGen       total 175104K, used 28029K [0x00000006c0c00000, 0x00000006cb700000, 0x000000076af00000)
  object space 175104K, 16% used [0x00000006c0c00000,0x00000006c275f6f8,0x00000006cb700000)
 Metaspace       used 19438K, capacity 19602K, committed 19968K, reserved 1067008K
  class space    used 2490K, capacity 2523K, committed 2560K, reserved 1048576K
}

Deoptimization events (10 events):
Event: 2.713 Thread 0x0000000002aa6000 Uncommon trap: reason=bimorphic action=maybe_recompile pc=0x0000000003b266e8 method=java.lang.Iterable.forEach(Ljava/util/function/Consumer;)V @ 22
Event: 2.741 Thread 0x0000000002aa6000 Uncommon trap: reason=bimorphic action=maybe_recompile pc=0x0000000003b266e8 method=java.lang.Iterable.forEach(Ljava/util/function/Consumer;)V @ 22
Event: 2.763 Thread 0x0000000002aa6000 Uncommon trap: reason=bimorphic action=maybe_recompile pc=0x0000000003b266e8 method=java.lang.Iterable.forEach(Ljava/util/function/Consumer;)V @ 22
Event: 2.791 Thread 0x0000000002aa6000 Uncommon trap: reason=bimorphic action=maybe_recompile pc=0x0000000003b266e8 method=java.lang.Iterable.forEach(Ljava/util/function/Consumer;)V @ 22
Event: 2.850 Thread 0x0000000002aa6000 Uncommon trap: reason=class_check action=maybe_recompile pc=0x0000000003be2f24 method=com.google.common.collect.Lists$TransformingRandomAccessList.<init>(Ljava/util/List;Lcom/google/common/base/Function;)V @ 9
Event: 2.850 Thread 0x0000000002aa6000 Uncommon trap: reason=class_check action=maybe_recompile pc=0x0000000003be2f24 method=com.google.common.collect.Lists$TransformingRandomAccessList.<init>(Ljava/util/List;Lcom/google/common/base/Function;)V @ 9
Event: 2.850 Thread 0x0000000002aa6000 Uncommon trap: reason=class_check action=maybe_recompile pc=0x0000000003be2f24 method=com.google.common.collect.Lists$TransformingRandomAccessList.<init>(Ljava/util/List;Lcom/google/common/base/Function;)V @ 9
Event: 2.850 Thread 0x0000000002aa6000 Uncommon trap: reason=class_check action=maybe_recompile pc=0x0000000003be2f24 method=com.google.common.collect.Lists$TransformingRandomAccessList.<init>(Ljava/util/List;Lcom/google/common/base/Function;)V @ 9
Event: 2.889 Thread 0x0000000002aa6000 Uncommon trap: reason=bimorphic action=maybe_recompile pc=0x0000000003b177b4 method=java.util.Collections$UnmodifiableCollection$1.hasNext()Z @ 4
Event: 2.892 Thread 0x0000000002aa6000 Uncommon trap: reason=unstable_if action=reinterpret pc=0x000000000340dee4 method=sun.security.provider.DigestBase.engineUpdate([BII)V @ 1

Classes redefined (0 events):
No events

Internal exceptions (10 events):
Event: 2.021 Thread 0x0000000002aa6000 Exception <a 'java/lang/reflect/InvocationTargetException'> (0x000000076f29be80) thrown at [C:\re\workspace\8-2-build-windows-amd64-cygwin\jdk8u231\13620\hotspot\src\share\vm\runtime\reflection.cpp, line 1092]
Event: 2.023 Thread 0x0000000002aa6000 Exception <a 'java/lang/reflect/InvocationTargetException'> (0x000000076f2d1848) thrown at [C:\re\workspace\8-2-build-windows-amd64-cygwin\jdk8u231\13620\hotspot\src\share\vm\runtime\reflection.cpp, line 1092]
Event: 2.023 Thread 0x0000000002aa6000 Exception <a 'java/lang/reflect/InvocationTargetException'> (0x000000076f2eb978) thrown at [C:\re\workspace\8-2-build-windows-amd64-cygwin\jdk8u231\13620\hotspot\src\share\vm\runtime\reflection.cpp, line 1092]
Event: 2.024 Thread 0x0000000002aa6000 Exception <a 'java/lang/reflect/InvocationTargetException'> (0x000000076f3082e8) thrown at [C:\re\workspace\8-2-build-windows-amd64-cygwin\jdk8u231\13620\hotspot\src\share\vm\runtime\reflection.cpp, line 1092]
Event: 3.053 Thread 0x0000000002aa6000 Exception <a 'java/security/PrivilegedActionException'> (0x000000077068ca30) thrown at [C:\re\workspace\8-2-build-windows-amd64-cygwin\jdk8u231\13620\hotspot\src\share\vm\prims\jvm.cpp, line 1502]
Event: 3.053 Thread 0x0000000002aa6000 Exception <a 'java/security/PrivilegedActionException'> (0x000000077068df60) thrown at [C:\re\workspace\8-2-build-windows-amd64-cygwin\jdk8u231\13620\hotspot\src\share\vm\prims\jvm.cpp, line 1502]
Event: 3.053 Thread 0x0000000002aa6000 Exception <a 'java/security/PrivilegedActionException'> (0x000000077068f390) thrown at [C:\re\workspace\8-2-build-windows-amd64-cygwin\jdk8u231\13620\hotspot\src\share\vm\prims\jvm.cpp, line 1502]
Event: 3.053 Thread 0x0000000002aa6000 Exception <a 'java/security/PrivilegedActionException'> (0x0000000770690a50) thrown at [C:\re\workspace\8-2-build-windows-amd64-cygwin\jdk8u231\13620\hotspot\src\share\vm\prims\jvm.cpp, line 1502]
Event: 3.053 Thread 0x0000000002aa6000 Exception <a 'java/security/PrivilegedActionException'> (0x0000000770691e48) thrown at [C:\re\workspace\8-2-build-windows-amd64-cygwin\jdk8u231\13620\hotspot\src\share\vm\prims\jvm.cpp, line 1502]
Event: 3.054 Thread 0x0000000002aa6000 Exception <a 'java/security/PrivilegedActionException'> (0x0000000770693210) thrown at [C:\re\workspace\8-2-build-windows-amd64-cygwin\jdk8u231\13620\hotspot\src\share\vm\prims\jvm.cpp, line 1502]

Events (10 events):
Event: 3.070 loading class org/lwjgl/openal/ALCdevice
Event: 3.070 loading class org/lwjgl/openal/ALCdevice done
Event: 3.071 loading class org/lwjgl/openal/ALCcontext
Event: 3.071 loading class org/lwjgl/openal/ALCcontext done
Event: 3.071 loading class java/nio/DirectIntBufferU
Event: 3.071 loading class java/nio/DirectIntBufferU done
Event: 3.071 loading class org/lwjgl/openal/Util
Event: 3.071 loading class org/lwjgl/openal/Util done
Event: 3.072 loading class org/lwjgl/openal/OpenALException
Event: 3.072 loading class org/lwjgl/openal/OpenALException done


Dynamic libraries:
0x00007ff7c2d80000 - 0x00007ff7c2db7000 	C:\Program Files\Java\jre1.8.0_231\bin\javaw.exe
0x00007ffc3be50000 - 0x00007ffc3c03d000 	C:\Windows\SYSTEM32\ntdll.dll
0x00007ffc394b0000 - 0x00007ffc39563000 	C:\Windows\System32\KERNEL32.DLL
0x00007ffc38d30000 - 0x00007ffc38fc3000 	C:\Windows\System32\KERNELBASE.dll
0x00007ffc395f0000 - 0x00007ffc39693000 	C:\Windows\System32\ADVAPI32.dll
0x00007ffc39390000 - 0x00007ffc3942e000 	C:\Windows\System32\msvcrt.dll
0x00007ffc399d0000 - 0x00007ffc39a6e000 	C:\Windows\System32\sechost.dll
0x00007ffc3bc40000 - 0x00007ffc3bd62000 	C:\Windows\System32\RPCRT4.dll
0x00007ffc39f80000 - 0x00007ffc3a117000 	C:\Windows\System32\USER32.dll
0x00007ffc39050000 - 0x00007ffc39070000 	C:\Windows\System32\win32u.dll
0x00007ffc39bf0000 - 0x00007ffc39c19000 	C:\Windows\System32\GDI32.dll
0x00007ffc389f0000 - 0x00007ffc38b89000 	C:\Windows\System32\gdi32full.dll
0x00007ffc38c90000 - 0x00007ffc38d30000 	C:\Windows\System32\msvcp_win.dll
0x00007ffc38b90000 - 0x00007ffc38c8a000 	C:\Windows\System32\ucrtbase.dll
0x00007ffc2a9e0000 - 0x00007ffc2ac59000 	C:\Windows\WinSxS\amd64_microsoft.windows.common-controls_6595b64144ccf1df_6.0.17763.802_none_05b1445c0722d2cc\COMCTL32.dll
0x00007ffc396a0000 - 0x00007ffc399cc000 	C:\Windows\System32\combase.dll
0x00007ffc386e0000 - 0x00007ffc3875e000 	C:\Windows\System32\bcryptPrimitives.dll
0x00007ffc39a70000 - 0x00007ffc39a9e000 	C:\Windows\System32\IMM32.DLL
0x0000000054fc0000 - 0x0000000055092000 	C:\Program Files\Java\jre1.8.0_231\bin\msvcr100.dll
0x00000000550a0000 - 0x0000000055946000 	C:\Program Files\Java\jre1.8.0_231\bin\server\jvm.dll
0x00007ffc3a120000 - 0x00007ffc3a128000 	C:\Windows\System32\PSAPI.DLL
0x00007ffc32fe0000 - 0x00007ffc32fea000 	C:\Windows\SYSTEM32\VERSION.dll
0x00007ffc35a60000 - 0x00007ffc35a84000 	C:\Windows\SYSTEM32\WINMM.dll
0x00007ffc2b5b0000 - 0x00007ffc2b5b9000 	C:\Windows\SYSTEM32\WSOCK32.dll
0x00007ffc39570000 - 0x00007ffc395dd000 	C:\Windows\System32\WS2_32.dll
0x00007ffc35860000 - 0x00007ffc3588d000 	C:\Windows\SYSTEM32\WINMMBASE.dll
0x00007ffc38fd0000 - 0x00007ffc3901a000 	C:\Windows\System32\cfgmgr32.dll
0x00007ffc2b5a0000 - 0x00007ffc2b5af000 	C:\Program Files\Java\jre1.8.0_231\bin\verify.dll
0x00007ffc175f0000 - 0x00007ffc17619000 	C:\Program Files\Java\jre1.8.0_231\bin\java.dll
0x00007ffc17e40000 - 0x00007ffc17e56000 	C:\Program Files\Java\jre1.8.0_231\bin\zip.dll
0x00007ffc3a610000 - 0x00007ffc3bb04000 	C:\Windows\System32\SHELL32.dll
0x00007ffc39280000 - 0x00007ffc39328000 	C:\Windows\System32\shcore.dll
0x00007ffc37f70000 - 0x00007ffc386bd000 	C:\Windows\System32\windows.storage.dll
0x00007ffc37ea0000 - 0x00007ffc37ec4000 	C:\Windows\System32\profapi.dll
0x00007ffc37e40000 - 0x00007ffc37e9d000 	C:\Windows\System32\powrprof.dll
0x00007ffc39220000 - 0x00007ffc39272000 	C:\Windows\System32\shlwapi.dll
0x00007ffc37ed0000 - 0x00007ffc37ee1000 	C:\Windows\System32\kernel.appcore.dll
0x00007ffc386c0000 - 0x00007ffc386d7000 	C:\Windows\System32\cryptsp.dll
0x0000000065580000 - 0x0000000065616000 	C:\Users\ezequiel\AppData\Local\Temp\libgdxezequiel\12dfaa03\gdx64.dll
0x00007ffc37230000 - 0x00007ffc37263000 	C:\Windows\system32\rsaenh.dll
0x00007ffc39020000 - 0x00007ffc39046000 	C:\Windows\System32\bcrypt.dll
0x00007ffc37d40000 - 0x00007ffc37d68000 	C:\Windows\SYSTEM32\USERENV.dll
0x00007ffc37880000 - 0x00007ffc3788c000 	C:\Windows\SYSTEM32\CRYPTBASE.dll
0x00007ffc164d0000 - 0x00007ffc164ea000 	C:\Program Files\Java\jre1.8.0_231\bin\net.dll
0x00007ffc376b0000 - 0x00007ffc37717000 	C:\Windows\system32\mswsock.dll
0x00007ffc373d0000 - 0x00007ffc3740d000 	C:\Windows\SYSTEM32\IPHLPAPI.DLL
0x00007ffc395e0000 - 0x00007ffc395e8000 	C:\Windows\System32\NSI.dll
0x00007ffc2fb80000 - 0x00007ffc2fb96000 	C:\Windows\SYSTEM32\dhcpcsvc6.DLL
0x00007ffc30540000 - 0x00007ffc3055c000 	C:\Windows\SYSTEM32\dhcpcsvc.DLL
0x00007ffc37410000 - 0x00007ffc374d6000 	C:\Windows\SYSTEM32\DNSAPI.dll
0x00007ffc15580000 - 0x00007ffc15592000 	C:\Program Files\Java\jre1.8.0_231\bin\nio.dll
0x0000000180000000 - 0x0000000180053000 	C:\Users\ezequiel\AppData\Local\Temp\libgdxezequiel\dc0f0009\lwjgl64.dll
0x00007ffc159e0000 - 0x00007ffc15b07000 	C:\Windows\SYSTEM32\OPENGL32.dll
0x00007ffc16130000 - 0x00007ffc1615c000 	C:\Windows\SYSTEM32\GLU32.dll
0x0000000002920000 - 0x0000000002984000 	C:\Users\ezequiel\AppData\Local\Temp\libgdxezequiel\dc0f0009\OpenAL64.dll
0x00007ffc39da0000 - 0x00007ffc39ef5000 	C:\Windows\System32\ole32.dll
0x00007ffc36430000 - 0x00007ffc364cc000 	C:\Windows\system32\uxtheme.dll
0x00007ffc3bd70000 - 0x00007ffc3be12000 	C:\Windows\System32\clbcatq.dll
0x00007ffc34150000 - 0x00007ffc342f9000 	C:\Windows\System32\PROPSYS.dll
0x00007ffc39b20000 - 0x00007ffc39be4000 	C:\Windows\System32\OLEAUT32.dll
0x00007ffc17e60000 - 0x00007ffc17ef6000 	C:\Windows\SYSTEM32\dsound.dll
0x00007ffc2f8f0000 - 0x00007ffc2f960000 	C:\Windows\System32\MMDevApi.dll
0x00007ffc37c50000 - 0x00007ffc37c79000 	C:\Windows\System32\DEVOBJ.dll
0x00007ffc22ef0000 - 0x00007ffc23038000 	C:\Windows\SYSTEM32\AUDIOSES.DLL
0x00007ffc33eb0000 - 0x00007ffc34003000 	C:\Windows\SYSTEM32\wintypes.dll
0x00007ffc33980000 - 0x00007ffc3398a000 	C:\Windows\SYSTEM32\AVRT.dll
0x00007ffc28270000 - 0x00007ffc2845d000 	C:\Windows\SYSTEM32\dbghelp.dll

VM Arguments:
jvm_args: -Duser.language=es_AR -Dfile.encoding=UTF-8 
java_command: org.uqbar.project.wollok.launch.WollokLauncher -requestsPort 0 -eventsPort 0 -folder -dontValidate -wf src/juego.wpgm
java_class_path (initial): C:\Users\ezequiel\Downloads\wollok-win32.win32.x86_64\workspace\git\2019s2-juego-integrador-battlerun-team\bin;C:\Users\ezequiel\Downloads\wollok-win32.win32.x86_64\plugins\com.ibm.icu_56.1.0.v201601250100.jar;C:\Users\ezequiel\Downloads\wollok-win32.win32.x86_64\plugins\org.eclipse.xtext_2.11.0.v20170130-0808.jar;C:\Users\ezequiel\Downloads\wollok-win32.win32.x86_64\plugins\org.eclipse.emf.ecore.xmi_2.12.0.v20160420-0247.jar;C:\Users\ezequiel\Downloads\wollok-win32.win32.x86_64\plugins\org.eclipse.emf.ecore_2.12.0.v20160420-0247.jar;C:\Users\ezequiel\Downloads\wollok-win32.win32.x86_64\plugins\org.eclipse.emf.common_2.12.0.v20160420-0247.jar;C:\Users\ezequiel\Downloads\wollok-win32.win32.x86_64\plugins\org.antlr.runtime_3.2.0.v201101311130.jar;C:\Users\ezequiel\Downloads\wollok-win32.win32.x86_64\plugins\com.google.inject_3.0.0.v201605172100.jar;C:\Users\ezequiel\Downloads\wollok-win32.win32.x86_64\plugins\org.eclipse.emf.mwe.core_1.5.0.201906111547.jar;C:\Users\ezequiel\Downloads\wollok-win32.win32.x86_64\plugins\org.apache.commons.cli_1.2.0.v201404270220.jar;C:\Users\ezequiel\Downloads\wollok-win32.win32.x86_64\plugins\org.eclipse.emf.mwe2.runtime_2.11.0.201906111547.jar;C:\Users\ezequiel\Downloads\wollok-win32.win32.x86_64\plugins\org.eclipse.emf.mwe.utils_1.5.0.201906111547.jar;C:\Users\ezequiel\Downloads\wollok-win32.win32.x86_64\plugins\org.eclipse.xtext.util_2.11.0.v20170130-0808.jar;C:\Users\ezequiel\Downloads\wollok-win32.win32.x86_64\plugins\com.google.guava_15.0.0.v201403281430.jar;C:\Users\ezequiel\Downloads\wollok-win32.win32.x86_64\plugins\javax.inject_1.0.0.v20091030.jar;C:\Users\ezequiel\Downloads\wollok-win32.win32.x86_64\plugins\org.eclipse.xtext.generator_2.11.0.v20170131-1210.jar;C:\Users\ezequiel\Downloads\wollok-win32.win32.x86_64\plugins\org.eclipse.xtext.xtext.generator_2.11.0.v20170130-0808.jar;C:\Users\ezequiel\Downloads\wollok-win32.win32.x86_64\plugins\org.eclipse.xtext.xbase.lib_2.11.0.v20170124-1424.jar;C:\
Launcher Type: SUN_STANDARD

Environment Variables:
PATH=C:/Program Files/Java/jre1.8.0_231/bin/server;C:/Program Files/Java/jre1.8.0_231/bin;C:/Program Files/Java/jre1.8.0_231/lib/amd64;C:\Program Files (x86)\NVIDIA Corporation\PhysX\Common;C:\Program Files (x86)\Common Files\Oracle\Java\javapath;C:\Windows\system32;C:\Windows;C:\Windows\System32\Wbem;C:\Windows\System32\WindowsPowerShell\v1.0\;C:\Windows\System32\OpenSSH\;C:\Users\ezequiel\AppData\Local\Microsoft\WindowsApps;;C:\Users\ezequiel\Downloads\wollok-win32.win32.x86_64;
USERNAME=ezequiel
OS=Windows_NT
PROCESSOR_IDENTIFIER=AMD64 Family 23 Model 1 Stepping 1, AuthenticAMD



---------------  S Y S T E M  ---------------

OS: Windows 10.0 , 64 bit Build 17763 (10.0.17763.475)

CPU:total 16 (initial active 16) (16 cores per cpu, 1 threads per core) family 23 model 1 stepping 1, cmov, cx8, fxsr, mmx, sse, sse2, sse3, ssse3, sse4.1, sse4.2, popcnt, avx, avx2, aes, clmul, mmxext, 3dnowpref, lzcnt, sse4a, tsc, tscinvbit, tscinv, bmi1

Memory: 4k page, physical 16726932k(10063784k free), swap 23542676k(12007304k free)

vm_info: Java HotSpot(TM) 64-Bit Server VM (25.231-b11) for windows-amd64 JRE (1.8.0_231-b11), built on Oct  5 2019 03:11:30 by "java_re" with MS VC++ 10.0 (VS2010)

time: Tue Nov 12 12:56:24 2019
timezone: Hora estándar de Argentina
elapsed time: 3 seconds (0d 0h 0m 3s)

